2018-05-23 20:04:04,665 CRIT Supervisor running as root (no user in config file)
2018-05-23 20:04:04,665 WARN Included extra file "/etc/supervisor/conf.d/supervisord.conf" during parsing
2018-05-23 20:04:04,689 INFO RPC interface 'supervisor' initialized
2018-05-23 20:04:04,689 CRIT Server 'unix_http_server' running without any HTTP authentication checking
2018-05-23 20:04:04,689 INFO supervisord started with pid 1
2018-05-23 20:04:05,694 INFO spawned: 'varnishd' with pid 13
2018-05-23 20:04:05,699 INFO spawned: 'php-fpm' with pid 14
2018-05-23 20:04:05,883 INFO spawned: 'varnish-plugins-watcher' with pid 15
2018-05-23 20:04:05,900 INFO spawned: 'nginx' with pid 16
2018-05-23 20:04:05,912 INFO spawned: 'MailHog' with pid 17
2018-05-23 20:04:05,928 INFO spawned: 'mysql' with pid 18
2018-05-23 20:04:05,944 INFO spawned: 'varnish-themes-watcher' with pid 21
2018-05-23 20:04:07,202 INFO success: varnishd entered RUNNING state, process has stayed up for > than 1 seconds (startsecs)
2018-05-23 20:04:07,202 INFO success: php-fpm entered RUNNING state, process has stayed up for > than 1 seconds (startsecs)
2018-05-23 20:04:07,202 INFO success: varnish-plugins-watcher entered RUNNING state, process has stayed up for > than 1 seconds (startsecs)
2018-05-23 20:04:07,202 INFO success: nginx entered RUNNING state, process has stayed up for > than 1 seconds (startsecs)
2018-05-23 20:04:07,202 INFO success: MailHog entered RUNNING state, process has stayed up for > than 1 seconds (startsecs)
2018-05-23 20:04:07,202 INFO success: mysql entered RUNNING state, process has stayed up for > than 1 seconds (startsecs)
2018-05-23 20:04:07,202 INFO success: varnish-themes-watcher entered RUNNING state, process has stayed up for > than 1 seconds (startsecs)
2018-06-14 18:33:43,851 CRIT Supervisor running as root (no user in config file)
2018-06-14 18:33:43,851 WARN Included extra file "/etc/supervisor/conf.d/supervisord.conf" during parsing
2018-06-14 18:33:44,215 INFO RPC interface 'supervisor' initialized
2018-06-14 18:33:44,219 CRIT Server 'unix_http_server' running without any HTTP authentication checking
2018-06-14 18:33:44,220 INFO supervisord started with pid 1
2018-06-14 18:33:45,224 INFO spawned: 'varnishd' with pid 7
2018-06-14 18:33:45,229 INFO spawned: 'php-fpm' with pid 8
2018-06-14 18:33:45,231 INFO spawned: 'varnish-plugins-watcher' with pid 9
2018-06-14 18:33:45,234 INFO spawned: 'nginx' with pid 10
2018-06-14 18:33:45,245 INFO spawned: 'MailHog' with pid 11
2018-06-14 18:33:45,252 INFO spawned: 'mysql' with pid 12
2018-06-14 18:33:45,266 INFO spawned: 'varnish-themes-watcher' with pid 13
2018-06-14 18:33:46,254 INFO success: varnishd entered RUNNING state, process has stayed up for > than 1 seconds (startsecs)
2018-06-14 18:33:46,255 INFO success: php-fpm entered RUNNING state, process has stayed up for > than 1 seconds (startsecs)
2018-06-14 18:33:46,255 INFO success: varnish-plugins-watcher entered RUNNING state, process has stayed up for > than 1 seconds (startsecs)
2018-06-14 18:33:46,255 INFO success: nginx entered RUNNING state, process has stayed up for > than 1 seconds (startsecs)
2018-06-14 18:33:46,255 INFO success: MailHog entered RUNNING state, process has stayed up for > than 1 seconds (startsecs)
2018-06-14 18:33:46,255 INFO success: mysql entered RUNNING state, process has stayed up for > than 1 seconds (startsecs)
2018-06-14 18:33:46,392 INFO success: varnish-themes-watcher entered RUNNING state, process has stayed up for > than 1 seconds (startsecs)
2018-06-14 19:46:50,124 WARN received SIGTERM indicating exit request
2018-06-14 19:46:50,125 INFO waiting for varnishd, php-fpm, varnish-plugins-watcher, nginx, MailHog, mysql, varnish-themes-watcher to die
2018-06-14 19:46:51,126 INFO stopped: varnish-themes-watcher (terminated by SIGTERM)
2018-06-14 19:46:51,132 INFO stopped: mysql (exit status 0)
2018-06-14 19:46:51,133 INFO stopped: MailHog (terminated by SIGTERM)
2018-06-14 19:46:51,135 INFO stopped: nginx (exit status 0)
2018-06-14 19:46:51,135 INFO stopped: varnish-plugins-watcher (terminated by SIGTERM)
2018-06-14 19:46:51,148 INFO stopped: php-fpm (exit status 0)
2018-06-14 19:46:52,259 INFO stopped: varnishd (exit status 0)
2018-06-18 14:10:53,745 CRIT Supervisor running as root (no user in config file)
2018-06-18 14:10:53,746 WARN Included extra file "/etc/supervisor/conf.d/supervisord.conf" during parsing
2018-06-18 14:10:53,845 INFO RPC interface 'supervisor' initialized
2018-06-18 14:10:53,849 CRIT Server 'unix_http_server' running without any HTTP authentication checking
2018-06-18 14:10:53,850 INFO supervisord started with pid 1
2018-06-18 14:10:54,853 INFO spawned: 'varnishd' with pid 25
2018-06-18 14:10:54,858 INFO spawned: 'php-fpm' with pid 26
2018-06-18 14:10:54,860 INFO spawned: 'varnish-plugins-watcher' with pid 27
2018-06-18 14:10:54,865 INFO spawned: 'nginx' with pid 28
2018-06-18 14:10:54,875 INFO spawned: 'MailHog' with pid 29
2018-06-18 14:10:54,883 INFO spawned: 'mysql' with pid 30
2018-06-18 14:10:54,888 INFO spawned: 'varnish-themes-watcher' with pid 31
2018-06-18 14:10:55,935 INFO success: varnishd entered RUNNING state, process has stayed up for > than 1 seconds (startsecs)
2018-06-18 14:10:55,935 INFO success: php-fpm entered RUNNING state, process has stayed up for > than 1 seconds (startsecs)
2018-06-18 14:10:55,935 INFO success: varnish-plugins-watcher entered RUNNING state, process has stayed up for > than 1 seconds (startsecs)
2018-06-18 14:10:55,935 INFO success: nginx entered RUNNING state, process has stayed up for > than 1 seconds (startsecs)
2018-06-18 14:10:55,935 INFO success: MailHog entered RUNNING state, process has stayed up for > than 1 seconds (startsecs)
2018-06-18 14:10:55,936 INFO success: mysql entered RUNNING state, process has stayed up for > than 1 seconds (startsecs)
2018-06-18 14:10:55,936 INFO success: varnish-themes-watcher entered RUNNING state, process has stayed up for > than 1 seconds (startsecs)
2018-06-18 14:11:05,773 WARN received SIGTERM indicating exit request
2018-06-18 14:11:05,774 INFO waiting for varnishd, php-fpm, varnish-plugins-watcher, nginx, MailHog, mysql, varnish-themes-watcher to die
2018-06-18 14:11:06,776 INFO stopped: varnish-themes-watcher (terminated by SIGTERM)
2018-06-18 14:11:06,782 INFO stopped: mysql (exit status 0)
2018-06-18 14:11:06,783 INFO stopped: MailHog (terminated by SIGTERM)
2018-06-18 14:11:06,785 INFO stopped: nginx (exit status 0)
2018-06-18 14:11:07,788 INFO stopped: varnish-plugins-watcher (terminated by SIGTERM)
2018-06-18 14:11:07,795 INFO stopped: php-fpm (exit status 0)
2018-06-18 14:11:08,361 CRIT reaped unknown pid 39)
2018-06-18 14:11:08,799 INFO waiting for varnishd to die
2018-06-18 14:11:08,918 INFO stopped: varnishd (exit status 0)
2018-06-18 14:11:29,881 CRIT Supervisor running as root (no user in config file)
2018-06-18 14:11:29,881 WARN Included extra file "/etc/supervisor/conf.d/supervisord.conf" during parsing
2018-06-18 14:11:29,906 INFO RPC interface 'supervisor' initialized
2018-06-18 14:11:29,909 CRIT Server 'unix_http_server' running without any HTTP authentication checking
2018-06-18 14:11:29,910 INFO supervisord started with pid 1
2018-06-18 14:11:30,913 INFO spawned: 'varnishd' with pid 24
2018-06-18 14:11:30,917 INFO spawned: 'php-fpm' with pid 25
2018-06-18 14:11:30,918 INFO spawned: 'varnish-plugins-watcher' with pid 26
2018-06-18 14:11:30,920 INFO spawned: 'nginx' with pid 27
2018-06-18 14:11:30,936 INFO spawned: 'MailHog' with pid 28
2018-06-18 14:11:30,943 INFO spawned: 'mysql' with pid 29
2018-06-18 14:11:30,957 INFO spawned: 'varnish-themes-watcher' with pid 32
2018-06-18 14:11:32,764 INFO success: varnishd entered RUNNING state, process has stayed up for > than 1 seconds (startsecs)
2018-06-18 14:11:32,765 INFO success: php-fpm entered RUNNING state, process has stayed up for > than 1 seconds (startsecs)
2018-06-18 14:11:32,765 INFO success: varnish-plugins-watcher entered RUNNING state, process has stayed up for > than 1 seconds (startsecs)
2018-06-18 14:11:32,765 INFO success: nginx entered RUNNING state, process has stayed up for > than 1 seconds (startsecs)
2018-06-18 14:11:32,765 INFO success: MailHog entered RUNNING state, process has stayed up for > than 1 seconds (startsecs)
2018-06-18 14:11:32,766 INFO success: mysql entered RUNNING state, process has stayed up for > than 1 seconds (startsecs)
2018-06-18 14:11:32,766 INFO success: varnish-themes-watcher entered RUNNING state, process has stayed up for > than 1 seconds (startsecs)
2018-06-19 04:09:24,150 WARN received SIGTERM indicating exit request
2018-06-19 04:09:24,151 INFO waiting for varnishd, php-fpm, varnish-plugins-watcher, nginx, MailHog, mysql, varnish-themes-watcher to die
2018-06-19 04:09:25,153 INFO stopped: varnish-themes-watcher (terminated by SIGTERM)
2018-06-19 04:09:25,170 INFO stopped: mysql (exit status 0)
2018-06-19 04:09:25,173 INFO stopped: MailHog (terminated by SIGTERM)
2018-06-19 04:09:25,211 INFO stopped: nginx (exit status 0)
2018-06-19 04:09:26,214 INFO stopped: varnish-plugins-watcher (terminated by SIGTERM)
2018-06-19 04:09:26,225 INFO stopped: php-fpm (exit status 0)
2018-06-19 04:09:26,571 CRIT reaped unknown pid 38)
2018-06-19 04:09:27,236 INFO waiting for varnishd to die
2018-06-19 04:09:27,360 INFO stopped: varnishd (exit status 0)
2018-06-19 11:56:32,179 CRIT Supervisor running as root (no user in config file)
2018-06-19 11:56:32,179 WARN Included extra file "/etc/supervisor/conf.d/supervisord.conf" during parsing
2018-06-19 11:56:32,252 INFO RPC interface 'supervisor' initialized
2018-06-19 11:56:32,257 CRIT Server 'unix_http_server' running without any HTTP authentication checking
2018-06-19 11:56:32,258 INFO supervisord started with pid 1
2018-06-19 11:56:33,262 INFO spawned: 'varnishd' with pid 24
2018-06-19 11:56:33,265 INFO spawned: 'php-fpm' with pid 25
2018-06-19 11:56:33,272 INFO spawned: 'varnish-plugins-watcher' with pid 26
2018-06-19 11:56:33,274 INFO spawned: 'nginx' with pid 27
2018-06-19 11:56:33,293 INFO spawned: 'MailHog' with pid 28
2018-06-19 11:56:33,303 INFO spawned: 'mysql' with pid 29
2018-06-19 11:56:33,313 INFO spawned: 'varnish-themes-watcher' with pid 30
2018-06-19 11:56:35,015 INFO success: varnishd entered RUNNING state, process has stayed up for > than 1 seconds (startsecs)
2018-06-19 11:56:35,016 INFO success: php-fpm entered RUNNING state, process has stayed up for > than 1 seconds (startsecs)
2018-06-19 11:56:35,016 INFO success: varnish-plugins-watcher entered RUNNING state, process has stayed up for > than 1 seconds (startsecs)
2018-06-19 11:56:35,016 INFO success: nginx entered RUNNING state, process has stayed up for > than 1 seconds (startsecs)
2018-06-19 11:56:35,016 INFO success: MailHog entered RUNNING state, process has stayed up for > than 1 seconds (startsecs)
2018-06-19 11:56:35,016 INFO success: mysql entered RUNNING state, process has stayed up for > than 1 seconds (startsecs)
2018-06-19 11:56:35,016 INFO success: varnish-themes-watcher entered RUNNING state, process has stayed up for > than 1 seconds (startsecs)
2018-06-20 17:03:21,204 WARN received SIGTERM indicating exit request
2018-06-20 17:03:21,205 INFO waiting for varnishd, php-fpm, varnish-plugins-watcher, nginx, MailHog, mysql, varnish-themes-watcher to die
2018-06-20 17:03:22,207 INFO stopped: varnish-themes-watcher (terminated by SIGTERM)
2018-06-20 17:03:22,213 INFO stopped: mysql (exit status 0)
2018-06-20 17:03:22,214 INFO stopped: MailHog (terminated by SIGTERM)
2018-06-20 17:03:22,222 INFO stopped: nginx (exit status 0)
2018-06-20 17:03:22,222 INFO stopped: varnish-plugins-watcher (terminated by SIGTERM)
2018-06-20 17:03:22,234 INFO stopped: php-fpm (exit status 0)
2018-06-20 17:03:23,362 INFO stopped: varnishd (exit status 0)
2018-06-20 17:04:42,162 CRIT Supervisor running as root (no user in config file)
2018-06-20 17:04:42,163 WARN Included extra file "/etc/supervisor/conf.d/supervisord.conf" during parsing
2018-06-20 17:04:42,225 INFO RPC interface 'supervisor' initialized
2018-06-20 17:04:42,233 CRIT Server 'unix_http_server' running without any HTTP authentication checking
2018-06-20 17:04:42,234 INFO supervisord started with pid 1
2018-06-20 17:04:43,237 INFO spawned: 'varnishd' with pid 24
2018-06-20 17:04:43,240 INFO spawned: 'php-fpm' with pid 25
2018-06-20 17:04:43,242 INFO spawned: 'varnish-plugins-watcher' with pid 26
2018-06-20 17:04:43,245 INFO spawned: 'nginx' with pid 27
2018-06-20 17:04:43,253 INFO spawned: 'MailHog' with pid 28
2018-06-20 17:04:43,293 INFO spawned: 'mysql' with pid 32
2018-06-20 17:04:43,298 INFO spawned: 'varnish-themes-watcher' with pid 34
2018-06-20 17:04:44,274 INFO success: varnishd entered RUNNING state, process has stayed up for > than 1 seconds (startsecs)
2018-06-20 17:04:44,274 INFO success: php-fpm entered RUNNING state, process has stayed up for > than 1 seconds (startsecs)
2018-06-20 17:04:44,274 INFO success: varnish-plugins-watcher entered RUNNING state, process has stayed up for > than 1 seconds (startsecs)
2018-06-20 17:04:44,274 INFO success: nginx entered RUNNING state, process has stayed up for > than 1 seconds (startsecs)
2018-06-20 17:04:44,274 INFO success: MailHog entered RUNNING state, process has stayed up for > than 1 seconds (startsecs)
2018-06-20 17:04:44,274 INFO success: mysql entered RUNNING state, process has stayed up for > than 1 seconds (startsecs)
2018-06-20 17:04:45,276 INFO success: varnish-themes-watcher entered RUNNING state, process has stayed up for > than 1 seconds (startsecs)
2018-06-20 23:07:18,764 WARN received SIGTERM indicating exit request
2018-06-20 23:07:18,765 INFO waiting for varnishd, php-fpm, varnish-plugins-watcher, nginx, MailHog, mysql, varnish-themes-watcher to die
2018-06-20 23:07:19,769 INFO stopped: varnish-themes-watcher (terminated by SIGTERM)
2018-06-20 23:07:19,777 INFO stopped: mysql (exit status 0)
2018-06-20 23:07:19,779 INFO stopped: MailHog (terminated by SIGTERM)
2018-06-20 23:07:19,782 INFO stopped: nginx (exit status 0)
2018-06-20 23:07:20,785 INFO stopped: varnish-plugins-watcher (terminated by SIGTERM)
2018-06-20 23:07:20,797 INFO stopped: php-fpm (exit status 0)
2018-06-20 23:07:21,256 CRIT reaped unknown pid 38)
2018-06-20 23:07:21,801 INFO waiting for varnishd to die
2018-06-20 23:07:21,979 INFO stopped: varnishd (exit status 0)
2018-06-20 23:07:28,290 CRIT Supervisor running as root (no user in config file)
2018-06-20 23:07:28,290 WARN Included extra file "/etc/supervisor/conf.d/supervisord.conf" during parsing
2018-06-20 23:07:28,377 INFO RPC interface 'supervisor' initialized
2018-06-20 23:07:28,385 CRIT Server 'unix_http_server' running without any HTTP authentication checking
2018-06-20 23:07:28,385 INFO supervisord started with pid 1
2018-06-20 23:07:29,390 INFO spawned: 'varnishd' with pid 24
2018-06-20 23:07:29,395 INFO spawned: 'php-fpm' with pid 25
2018-06-20 23:07:29,398 INFO spawned: 'varnish-plugins-watcher' with pid 26
2018-06-20 23:07:29,411 INFO spawned: 'nginx' with pid 27
2018-06-20 23:07:29,433 INFO spawned: 'MailHog' with pid 28
2018-06-20 23:07:29,436 INFO spawned: 'mysql' with pid 29
2018-06-20 23:07:29,438 INFO spawned: 'varnish-themes-watcher' with pid 31
2018-06-20 23:07:30,821 INFO success: varnishd entered RUNNING state, process has stayed up for > than 1 seconds (startsecs)
2018-06-20 23:07:30,826 INFO success: php-fpm entered RUNNING state, process has stayed up for > than 1 seconds (startsecs)
2018-06-20 23:07:30,826 INFO success: varnish-plugins-watcher entered RUNNING state, process has stayed up for > than 1 seconds (startsecs)
2018-06-20 23:07:30,827 INFO success: nginx entered RUNNING state, process has stayed up for > than 1 seconds (startsecs)
2018-06-20 23:07:30,827 INFO success: MailHog entered RUNNING state, process has stayed up for > than 1 seconds (startsecs)
2018-06-20 23:07:30,828 INFO success: mysql entered RUNNING state, process has stayed up for > than 1 seconds (startsecs)
2018-06-20 23:07:30,828 INFO success: varnish-themes-watcher entered RUNNING state, process has stayed up for > than 1 seconds (startsecs)
2018-06-20 23:07:52,321 WARN received SIGTERM indicating exit request
2018-06-20 23:07:52,322 INFO waiting for varnishd, php-fpm, varnish-plugins-watcher, nginx, MailHog, mysql, varnish-themes-watcher to die
2018-06-20 23:07:53,325 INFO stopped: varnish-themes-watcher (terminated by SIGTERM)
2018-06-20 23:07:53,336 INFO stopped: mysql (exit status 0)
2018-06-20 23:07:53,338 INFO stopped: MailHog (terminated by SIGTERM)
2018-06-20 23:07:53,344 INFO stopped: nginx (exit status 0)
2018-06-20 23:07:54,348 INFO stopped: varnish-plugins-watcher (terminated by SIGTERM)
2018-06-20 23:07:54,359 INFO stopped: php-fpm (exit status 0)
2018-06-20 23:07:54,622 CRIT reaped unknown pid 38)
2018-06-20 23:07:55,369 INFO waiting for varnishd to die
2018-06-20 23:07:55,572 INFO stopped: varnishd (exit status 0)
2018-06-20 23:07:57,123 CRIT Supervisor running as root (no user in config file)
2018-06-20 23:07:57,123 WARN Included extra file "/etc/supervisor/conf.d/supervisord.conf" during parsing
2018-06-20 23:07:57,196 INFO RPC interface 'supervisor' initialized
2018-06-20 23:07:57,196 CRIT Server 'unix_http_server' running without any HTTP authentication checking
2018-06-20 23:07:57,196 INFO supervisord started with pid 1
2018-06-20 23:07:58,202 INFO spawned: 'varnishd' with pid 24
2018-06-20 23:07:58,207 INFO spawned: 'php-fpm' with pid 25
2018-06-20 23:07:58,210 INFO spawned: 'varnish-plugins-watcher' with pid 26
2018-06-20 23:07:58,220 INFO spawned: 'nginx' with pid 27
2018-06-20 23:07:58,230 INFO spawned: 'MailHog' with pid 28
2018-06-20 23:07:58,242 INFO spawned: 'mysql' with pid 29
2018-06-20 23:07:58,249 INFO spawned: 'varnish-themes-watcher' with pid 30
2018-06-20 23:08:00,049 INFO success: varnishd entered RUNNING state, process has stayed up for > than 1 seconds (startsecs)
2018-06-20 23:08:00,050 INFO success: php-fpm entered RUNNING state, process has stayed up for > than 1 seconds (startsecs)
2018-06-20 23:08:00,050 INFO success: varnish-plugins-watcher entered RUNNING state, process has stayed up for > than 1 seconds (startsecs)
2018-06-20 23:08:00,050 INFO success: nginx entered RUNNING state, process has stayed up for > than 1 seconds (startsecs)
2018-06-20 23:08:00,051 INFO success: MailHog entered RUNNING state, process has stayed up for > than 1 seconds (startsecs)
2018-06-20 23:08:00,052 INFO success: mysql entered RUNNING state, process has stayed up for > than 1 seconds (startsecs)
2018-06-20 23:08:00,052 INFO success: varnish-themes-watcher entered RUNNING state, process has stayed up for > than 1 seconds (startsecs)
2018-06-24 22:01:11,055 WARN received SIGTERM indicating exit request
2018-06-24 22:01:11,066 INFO waiting for varnishd, php-fpm, varnish-plugins-watcher, nginx, MailHog, mysql, varnish-themes-watcher to die
2018-06-24 22:01:12,024 INFO stopped: varnish-themes-watcher (terminated by SIGTERM)
2018-06-24 22:01:12,053 INFO stopped: mysql (exit status 0)
2018-06-24 22:01:12,054 INFO stopped: MailHog (terminated by SIGTERM)
2018-06-24 22:01:12,095 INFO stopped: nginx (exit status 0)
2018-06-24 22:01:13,099 INFO stopped: varnish-plugins-watcher (terminated by SIGTERM)
2018-06-24 22:01:13,243 INFO stopped: php-fpm (exit status 0)
2018-06-24 22:01:13,919 CRIT reaped unknown pid 39)
2018-06-24 22:01:14,254 INFO waiting for varnishd to die
2018-06-24 22:01:14,459 INFO stopped: varnishd (exit status 0)
2018-06-24 22:01:39,406 CRIT Supervisor running as root (no user in config file)
2018-06-24 22:01:39,406 WARN Included extra file "/etc/supervisor/conf.d/supervisord.conf" during parsing
2018-06-24 22:01:39,462 INFO RPC interface 'supervisor' initialized
2018-06-24 22:01:39,463 CRIT Server 'unix_http_server' running without any HTTP authentication checking
2018-06-24 22:01:39,463 INFO supervisord started with pid 1
2018-06-24 22:01:40,466 INFO spawned: 'varnishd' with pid 24
2018-06-24 22:01:40,469 INFO spawned: 'php-fpm' with pid 25
2018-06-24 22:01:40,471 INFO spawned: 'varnish-plugins-watcher' with pid 26
2018-06-24 22:01:40,474 INFO spawned: 'nginx' with pid 27
2018-06-24 22:01:40,493 INFO spawned: 'MailHog' with pid 28
2018-06-24 22:01:40,501 INFO spawned: 'mysql' with pid 29
2018-06-24 22:01:40,505 INFO spawned: 'varnish-themes-watcher' with pid 30
2018-06-24 22:01:41,875 INFO success: varnishd entered RUNNING state, process has stayed up for > than 1 seconds (startsecs)
2018-06-24 22:01:41,876 INFO success: php-fpm entered RUNNING state, process has stayed up for > than 1 seconds (startsecs)
2018-06-24 22:01:41,876 INFO success: varnish-plugins-watcher entered RUNNING state, process has stayed up for > than 1 seconds (startsecs)
2018-06-24 22:01:41,876 INFO success: nginx entered RUNNING state, process has stayed up for > than 1 seconds (startsecs)
2018-06-24 22:01:41,876 INFO success: MailHog entered RUNNING state, process has stayed up for > than 1 seconds (startsecs)
2018-06-24 22:01:41,876 INFO success: mysql entered RUNNING state, process has stayed up for > than 1 seconds (startsecs)
2018-06-24 22:01:41,877 INFO success: varnish-themes-watcher entered RUNNING state, process has stayed up for > than 1 seconds (startsecs)
2018-06-24 22:01:46,292 WARN received SIGTERM indicating exit request
2018-06-24 22:01:46,293 INFO waiting for varnishd, php-fpm, varnish-plugins-watcher, nginx, MailHog, mysql, varnish-themes-watcher to die
2018-06-24 22:01:47,295 INFO stopped: varnish-themes-watcher (terminated by SIGTERM)
2018-06-24 22:01:47,303 INFO stopped: mysql (exit status 0)
2018-06-24 22:01:47,303 INFO stopped: MailHog (terminated by SIGTERM)
2018-06-24 22:01:47,305 INFO stopped: nginx (exit status 0)
2018-06-24 22:01:48,307 INFO stopped: varnish-plugins-watcher (terminated by SIGTERM)
2018-06-24 22:01:48,315 INFO stopped: php-fpm (exit status 0)
2018-06-24 22:01:49,078 CRIT reaped unknown pid 39)
2018-06-24 22:01:49,325 INFO waiting for varnishd to die
2018-06-24 22:01:49,407 INFO stopped: varnishd (exit status 0)
2018-06-24 22:01:56,596 CRIT Supervisor running as root (no user in config file)
2018-06-24 22:01:56,596 WARN Included extra file "/etc/supervisor/conf.d/supervisord.conf" during parsing
2018-06-24 22:01:56,625 INFO RPC interface 'supervisor' initialized
2018-06-24 22:01:56,625 CRIT Server 'unix_http_server' running without any HTTP authentication checking
2018-06-24 22:01:56,625 INFO supervisord started with pid 1
2018-06-24 22:01:57,629 INFO spawned: 'varnishd' with pid 24
2018-06-24 22:01:57,631 INFO spawned: 'php-fpm' with pid 25
2018-06-24 22:01:57,633 INFO spawned: 'varnish-plugins-watcher' with pid 26
2018-06-24 22:01:57,646 INFO spawned: 'nginx' with pid 27
2018-06-24 22:01:57,655 INFO spawned: 'MailHog' with pid 28
2018-06-24 22:01:57,666 INFO spawned: 'mysql' with pid 29
2018-06-24 22:01:57,685 INFO spawned: 'varnish-themes-watcher' with pid 32
2018-06-24 22:01:58,649 INFO success: varnishd entered RUNNING state, process has stayed up for > than 1 seconds (startsecs)
2018-06-24 22:01:58,649 INFO success: php-fpm entered RUNNING state, process has stayed up for > than 1 seconds (startsecs)
2018-06-24 22:01:58,649 INFO success: varnish-plugins-watcher entered RUNNING state, process has stayed up for > than 1 seconds (startsecs)
2018-06-24 22:01:58,649 INFO success: nginx entered RUNNING state, process has stayed up for > than 1 seconds (startsecs)
2018-06-24 22:01:58,649 INFO success: MailHog entered RUNNING state, process has stayed up for > than 1 seconds (startsecs)
2018-06-24 22:01:59,651 INFO success: mysql entered RUNNING state, process has stayed up for > than 1 seconds (startsecs)
2018-06-24 22:01:59,654 INFO success: varnish-themes-watcher entered RUNNING state, process has stayed up for > than 1 seconds (startsecs)
