[25-May-2018 12:32:14 UTC] PHP Parse error:  syntax error, unexpected '$myname' (T_VARIABLE), expecting ',' or ';' in /app/public/experiment.php on line 2
[25-May-2018 12:32:45 UTC] PHP Parse error:  syntax error, unexpected '$myname' (T_VARIABLE), expecting ',' or ';' in /app/public/experiment.php on line 2
[25-May-2018 12:32:47 UTC] PHP Parse error:  syntax error, unexpected '$myname' (T_VARIABLE), expecting ',' or ';' in /app/public/experiment.php on line 2
[25-May-2018 12:34:25 UTC] PHP Parse error:  syntax error, unexpected '$myname' (T_VARIABLE), expecting ',' or ';' in /app/public/experiment.php on line 2
[25-May-2018 12:34:26 UTC] PHP Parse error:  syntax error, unexpected '$myname' (T_VARIABLE), expecting ',' or ';' in /app/public/experiment.php on line 2
[25-May-2018 13:18:51 UTC] PHP Parse error:  syntax error, unexpected 'function' (T_FUNCTION) in /app/public/wp-content/themes/fictional-university-theme/index.php on line 3
[26-May-2018 02:51:01 UTC] PHP Fatal error:  Uncaught Error: Call to undefined function wp_onqueue_style() in /app/public/wp-content/themes/fictional-university-theme/functions.php:4
Stack trace:
#0 /app/public/wp-includes/class-wp-hook.php(286): university_files('')
#1 /app/public/wp-includes/class-wp-hook.php(310): WP_Hook->apply_filters('', Array)
#2 /app/public/wp-includes/plugin.php(453): WP_Hook->do_action(Array)
#3 /app/public/wp-includes/script-loader.php(1447): do_action('wp_enqueue_scri...')
#4 /app/public/wp-includes/class-wp-hook.php(286): wp_enqueue_scripts('')
#5 /app/public/wp-includes/class-wp-hook.php(310): WP_Hook->apply_filters(NULL, Array)
#6 /app/public/wp-includes/plugin.php(453): WP_Hook->do_action(Array)
#7 /app/public/wp-includes/general-template.php(2614): do_action('wp_head')
#8 /app/public/wp-content/themes/fictional-university-theme/header.php(4): wp_head()
#9 /app/public/wp-includes/template.php(688): require_once('/app/public/wp-...')
#10 /app/public/wp-includes/template.php(647): load_template('/app/public/wp-...', true)
 in /app/public/wp-content/themes/fictional-university-theme/functions.php on line 4
[26-May-2018 13:58:58 UTC] PHP Fatal error:  Uncaught Error: Call to undefined function get_theme_file_url() in /app/public/wp-content/themes/fictional-university-theme/functions.php:4
Stack trace:
#0 /app/public/wp-includes/class-wp-hook.php(286): university_files('')
#1 /app/public/wp-includes/class-wp-hook.php(310): WP_Hook->apply_filters('', Array)
#2 /app/public/wp-includes/plugin.php(453): WP_Hook->do_action(Array)
#3 /app/public/wp-includes/script-loader.php(1447): do_action('wp_enqueue_scri...')
#4 /app/public/wp-includes/class-wp-hook.php(286): wp_enqueue_scripts('')
#5 /app/public/wp-includes/class-wp-hook.php(310): WP_Hook->apply_filters(NULL, Array)
#6 /app/public/wp-includes/plugin.php(453): WP_Hook->do_action(Array)
#7 /app/public/wp-includes/general-template.php(2614): do_action('wp_head')
#8 /app/public/wp-content/themes/fictional-university-theme/header.php(4): wp_head()
#9 /app/public/wp-includes/template.php(688): require_once('/app/public/wp-...')
#10 /app/public/wp-includes/template.php(647): load_template('/app/public/wp-...', true in /app/public/wp-content/themes/fictional-university-theme/functions.php on line 4
[28-May-2018 00:10:28 UTC] PHP Fatal error:  Uncaught ArgumentCountError: Too few arguments to function wp_get_post_parent_id(), 0 passed in /app/public/wp-content/themes/fictional-university-theme/page.php on line 21 and exactly 1 expected in /app/public/wp-includes/post.php:6135
Stack trace:
#0 /app/public/wp-content/themes/fictional-university-theme/page.php(21): wp_get_post_parent_id()
#1 /app/public/wp-includes/template-loader.php(74): include('/app/public/wp-...')
#2 /app/public/wp-blog-header.php(19): require_once('/app/public/wp-...')
#3 /app/public/index.php(17): require('/app/public/wp-...')
#4 {main}
  thrown in /app/public/wp-includes/post.php on line 6135
[28-May-2018 00:14:02 UTC] PHP Parse error:  syntax error, unexpected '}', expecting ',' or ';' in /app/public/wp-content/themes/fictional-university-theme/page.php on line 23
[28-May-2018 00:14:11 UTC] PHP Parse error:  syntax error, unexpected 'echo' (T_ECHO) in /app/public/wp-content/themes/fictional-university-theme/page.php on line 22
[28-May-2018 16:19:28 UTC] PHP Parse error:  syntax error, unexpected ')' in /app/public/wp-content/themes/fictional-university-theme/page.php on line 41
[28-May-2018 16:19:49 UTC] PHP Parse error:  syntax error, unexpected ')' in /app/public/wp-content/themes/fictional-university-theme/page.php on line 44
[28-May-2018 16:19:51 UTC] PHP Parse error:  syntax error, unexpected ')' in /app/public/wp-content/themes/fictional-university-theme/page.php on line 44
[18-Jun-2018 15:26:56 UTC] PHP Fatal error:  Uncaught Error: Call to undefined function the_arhive_description() in /app/public/wp-content/themes/fictional-university-theme/archive.php:10
Stack trace:
#0 /app/public/wp-includes/template-loader.php(74): include()
#1 /app/public/wp-blog-header.php(19): require_once('/app/public/wp-...')
#2 /app/public/index.php(17): require('/app/public/wp-...')
#3 {main}
  thrown in /app/public/wp-content/themes/fictional-university-theme/archive.php on line 10
[20-Jun-2018 20:05:34 UTC] PHP Parse error:  syntax error, unexpected ',' in /app/public/wp-content/mu-plugins/university-post-types.php on line 7
[20-Jun-2018 20:05:35 UTC] PHP Parse error:  syntax error, unexpected ',' in /app/public/wp-content/mu-plugins/university-post-types.php on line 7
[21-Jun-2018 02:12:45 UTC] PHP Fatal error:  Uncaught Error: Call to undefined function hast_excerpt() in /app/public/wp-content/themes/fictional-university-theme/front-page.php:68
Stack trace:
#0 /app/public/wp-includes/template-loader.php(74): include()
#1 /app/public/wp-blog-header.php(19): require_once('/app/public/wp-...')
#2 /app/public/index.php(17): require('/app/public/wp-...')
#3 {main}
  thrown in /app/public/wp-content/themes/fictional-university-theme/front-page.php on line 68
[21-Jun-2018 05:07:19 UTC] PHP Fatal error:  Uncaught Error: Call to undefined function is_post_type_archieve() in /app/public/wp-content/themes/fictional-university-theme/functions.php:21
Stack trace:
#0 /app/public/wp-includes/class-wp-hook.php(286): university_adjust_queries(Object(WP_Query))
#1 /app/public/wp-includes/class-wp-hook.php(310): WP_Hook->apply_filters('', Array)
#2 /app/public/wp-includes/plugin.php(515): WP_Hook->do_action(Array)
#3 /app/public/wp-includes/class-wp-query.php(1634): do_action_ref_array('pre_get_posts', Array)
#4 /app/public/wp-includes/class-wp-query.php(3230): WP_Query->get_posts()
#5 /app/public/wp-includes/class-wp.php(599): WP_Query->query(Array)
#6 /app/public/wp-includes/class-wp.php(715): WP->query_posts()
#7 /app/public/wp-includes/functions.php(960): WP->main('')
#8 /app/public/wp-blog-header.php(16): wp()
#9 /app/public/index.php(17): require('/app/public/wp-...')
#10 {main}
  thrown in /app/public/wp-content/themes/fictional-university-theme/functions.php on line 21
[21-Jun-2018 05:07:37 UTC] PHP Fatal error:  Uncaught Error: Call to undefined function is_post_type_archieve() in /app/public/wp-content/themes/fictional-university-theme/functions.php:21
Stack trace:
#0 /app/public/wp-includes/class-wp-hook.php(286): university_adjust_queries(Object(WP_Query))
#1 /app/public/wp-includes/class-wp-hook.php(310): WP_Hook->apply_filters('', Array)
#2 /app/public/wp-includes/plugin.php(515): WP_Hook->do_action(Array)
#3 /app/public/wp-includes/class-wp-query.php(1634): do_action_ref_array('pre_get_posts', Array)
#4 /app/public/wp-includes/class-wp-query.php(3230): WP_Query->get_posts()
#5 /app/public/wp-includes/class-wp.php(599): WP_Query->query(Array)
#6 /app/public/wp-includes/class-wp.php(715): WP->query_posts()
#7 /app/public/wp-includes/functions.php(960): WP->main('')
#8 /app/public/wp-blog-header.php(16): wp()
#9 /app/public/index.php(17): require('/app/public/wp-...')
#10 {main}
  thrown in /app/public/wp-content/themes/fictional-university-theme/functions.php on line 21
[21-Jun-2018 05:07:38 UTC] PHP Fatal error:  Uncaught Error: Call to undefined function is_post_type_archieve() in /app/public/wp-content/themes/fictional-university-theme/functions.php:21
Stack trace:
#0 /app/public/wp-includes/class-wp-hook.php(286): university_adjust_queries(Object(WP_Query))
#1 /app/public/wp-includes/class-wp-hook.php(310): WP_Hook->apply_filters('', Array)
#2 /app/public/wp-includes/plugin.php(515): WP_Hook->do_action(Array)
#3 /app/public/wp-includes/class-wp-query.php(1634): do_action_ref_array('pre_get_posts', Array)
#4 /app/public/wp-includes/class-wp-query.php(3230): WP_Query->get_posts()
#5 /app/public/wp-includes/class-wp.php(599): WP_Query->query(Array)
#6 /app/public/wp-includes/class-wp.php(715): WP->query_posts()
#7 /app/public/wp-includes/functions.php(960): WP->main('')
#8 /app/public/wp-blog-header.php(16): wp()
#9 /app/public/index.php(17): require('/app/public/wp-...')
#10 {main}
  thrown in /app/public/wp-content/themes/fictional-university-theme/functions.php on line 21
[21-Jun-2018 05:07:44 UTC] PHP Fatal error:  Uncaught Error: Call to undefined function is_post_type_archieve() in /app/public/wp-content/themes/fictional-university-theme/functions.php:21
Stack trace:
#0 /app/public/wp-includes/class-wp-hook.php(286): university_adjust_queries(Object(WP_Query))
#1 /app/public/wp-includes/class-wp-hook.php(310): WP_Hook->apply_filters('', Array)
#2 /app/public/wp-includes/plugin.php(515): WP_Hook->do_action(Array)
#3 /app/public/wp-includes/class-wp-query.php(1634): do_action_ref_array('pre_get_posts', Array)
#4 /app/public/wp-includes/class-wp-query.php(3230): WP_Query->get_posts()
#5 /app/public/wp-includes/class-wp.php(599): WP_Query->query(Array)
#6 /app/public/wp-includes/class-wp.php(715): WP->query_posts()
#7 /app/public/wp-includes/functions.php(960): WP->main('')
#8 /app/public/wp-blog-header.php(16): wp()
#9 /app/public/index.php(17): require('/app/public/wp-...')
#10 {main}
  thrown in /app/public/wp-content/themes/fictional-university-theme/functions.php on line 21
[21-Jun-2018 06:07:16 UTC] PHP Parse error:  syntax error, unexpected 'while' (T_WHILE) in /app/public/wp-content/themes/fictional-university-theme/page-past-events.php on line 22
[21-Jun-2018 17:16:45 UTC] PHP Parse error:  syntax error, unexpected 'foreach' (T_FOREACH) in /app/public/wp-content/themes/fictional-university-theme/single-event.php on line 37
[21-Jun-2018 17:24:02 UTC] PHP Parse error:  syntax error, unexpected 'foreach' (T_FOREACH), expecting ',' or ';' in /app/public/wp-content/themes/fictional-university-theme/single-event.php on line 37
[21-Jun-2018 17:34:33 UTC] PHP Parse error:  syntax error, unexpected 'echo' (T_ECHO), expecting ',' or ';' in /app/public/wp-content/themes/fictional-university-theme/single-program.php on line 34
[22-Jun-2018 15:56:06 UTC] PHP Parse error:  syntax error, unexpected '}' in /app/public/wp-content/themes/fictional-university-theme/single-program.php on line 96
[22-Jun-2018 15:56:14 UTC] PHP Parse error:  syntax error, unexpected end of file in /app/public/wp-content/themes/fictional-university-theme/single-program.php on line 103
[22-Jun-2018 15:58:02 UTC] PHP Parse error:  syntax error, unexpected end of file in /app/public/wp-content/themes/fictional-university-theme/single-program.php on line 99
[22-Jun-2018 16:12:41 UTC] PHP Parse error:  syntax error, unexpected end of file in /app/public/wp-content/themes/fictional-university-theme/single-program.php on line 99
[24-Jun-2018 22:53:32 UTC] PHP Parse error:  syntax error, unexpected 'echo' (T_ECHO) in /app/public/wp-content/themes/fictional-university-theme/single-campus.php on line 62
[27-Jun-2018 20:37:29 UTC] WordPress database error Query execution was interrupted for query SELECT   wp_posts.* FROM wp_posts  WHERE 1=1  AND wp_posts.ID = 48 AND wp_posts.post_type = 'page'  ORDER BY wp_posts.post_date DESC  made by require('wp-blog-header.php'), wp, WP->main, WP->query_posts, WP_Query->query, WP_Query->get_posts
[27-Jun-2018 20:37:29 UTC] PHP Warning:  Error while sending QUERY packet. PID=42 in /app/public/wp-includes/wp-db.php on line 1924
[27-Jun-2018 20:37:29 UTC] WordPress database error Query execution was interrupted for query UPDATE `wp_options` SET `option_value` = 'O:8:\"stdClass\":5:{s:12:\"last_checked\";i:1530131849;s:7:\"checked\";a:3:{s:30:\"advanced-custom-fields/acf.php\";s:6:\"4.4.12\";s:39:\"manual-image-crop/manual-image-crop.php\";s:4:\"1.12\";s:47:\"regenerate-thumbnails/regenerate-thumbnails.php\";s:5:\"3.0.2\";}s:8:\"response\";a:0:{}s:12:\"translations\";a:0:{}s:9:\"no_update\";a:3:{s:30:\"advanced-custom-fields/acf.php\";O:8:\"stdClass\":9:{s:2:\"id\";s:36:\"w.org/plugins/advanced-custom-fields\";s:4:\"slug\";s:22:\"advanced-custom-fields\";s:6:\"plugin\";s:30:\"advanced-custom-fields/acf.php\";s:11:\"new_version\";s:6:\"4.4.12\";s:3:\"url\";s:53:\"https://wordpress.org/plugins/advanced-custom-fields/\";s:7:\"package\";s:72:\"https://downloads.wordpress.org/plugin/advanced-custom-fields.4.4.12.zip\";s:5:\"icons\";a:2:{s:2:\"2x\";s:75:\"https://ps.w.org/advanced-custom-fields/assets/icon-256x256.png?rev=1082746\";s:2:\"1x\";s:75:\"https://ps.w.org/advanced-custom-fields/assets/icon-128x128.png?rev=1082746\";}s:7:\"banners\";a:2:{s:2:\"2x\";s:78:\"https://ps.w.org/advanced-custom-fields/assets/banner-1544x500.jpg?rev=1729099\";s:2:\"1x\";s:77:\"https://ps.w.org/advanced-custom-fields/assets/banner-772x250.jpg?rev=1729102\";}s:11:\"banners_rtl\";a:0:{}}s:39:\"manual-image-crop/manual-image-crop.php\";O:8:\"stdClass\":9:{s:2:\"id\";s:31:\"w.org/plugins/manual-image-crop\";s:4:\"slug\";s:17:\"manual-image-crop\";s:6:\"plugin\";s:39:\"manual-image-crop/manual-image-crop.php\";s:11:\"new_version\";s:4:\"1.12\";s:3:\"url\";s:48:\"https://wordpress.org/plugins/manual-image-crop/\";s:7:\"package\";s:65:\"https://downloads.wordpress.org/plugin/manual-image-crop.1.12.zip\";s:5:\"icons\";a:2:{s:2:\"2x\";s:70:\"https://ps.w.org/manual-image-crop/assets/icon-256x256.png?rev=1154913\";s:2:\"1x\";s:70:\"https://ps.w.org/manual-image-crop/assets/icon-128x128.png?rev=1154913\";}s:7:\"banners\";a:2:{s:2:\"2x\";s:72:\"https://ps.w.org/manual-image-crop/assets/banner-1544x500.jpg?rev=781224\";s:2:\"1x\";s:71:\"https://ps.w.org/manual-image-crop/assets/banner-772x250.jpg?rev=781224\";}s:11:\"banners_rtl\";a:0:{}}s:47:\"regenerate-thumbnails/regenerate-thumbnails.php\";O:8:\"stdClass\":9:{s:2:\"id\";s:35:\"w.org/plugins/regenerate-thumbnails\";s:4:\"slug\";s:21:\"regenerate-thumbnails\";s:6:\"plugin\";s:47:\"regenerate-thumbnails/regenerate-thumbnails.php\";s:11:\"new_version\";s:5:\"3.0.2\";s:3:\"url\";s:52:\"https://wordpress.org/plugins/regenerate-thumbnails/\";s:7:\"package\";s:64:\"https://downloads.wordpress.org/plugin/regenerate-thumbnails.zip\";s:5:\"icons\";a:1:{s:2:\"1x\";s:74:\"https://ps.w.org/regenerate-thumbnails/assets/icon-128x128.png?rev=1753390\";}s:7:\"banners\";a:2:{s:2:\"2x\";s:77:\"https://ps.w.org/regenerate-thumbnails/assets/banner-1544x500.jpg?rev=1753390\";s:2:\"1x\";s:76:\"https://ps.w.org/regenerate-thumbnails/assets/banner-772x250.jpg?rev=1753390\";}s:11:\"banners_rtl\";a:0:{}}}}', `autoload` = 'no' WHERE `option_name` = '_site_transient_update_plugins' made by do_action_ref_array, WP_Hook->do_action, WP_Hook->apply_filters, wp_version_check, do_action('wp_maybe_auto_update'), WP_Hook->do_action, WP_Hook->apply_filters, wp_maybe_auto_update, WP_Automatic_Updater->run, wp_update_plugins, set_site_transient, update_site_option, update_network_option, update_option
[27-Jun-2018 20:37:29 UTC] PHP Warning:  Error while sending QUERY packet. PID=41 in /app/public/wp-includes/wp-db.php on line 1924
[30-Jun-2018 11:45:33 UTC] PHP Fatal error:  Uncaught Error: Call to undefined function get_them_file_path() in /app/public/wp-content/themes/fictional-university-theme/functions.php:3
Stack trace:
#0 /app/public/wp-settings.php(426): include()
#1 /app/public/wp-config.php(86): require_once('/app/public/wp-...')
#2 /app/public/wp-load.php(37): require_once('/app/public/wp-...')
#3 /app/public/wp-admin/admin-ajax.php(22): require_once('/app/public/wp-...')
#4 {main}
  thrown in /app/public/wp-content/themes/fictional-university-theme/functions.php on line 3
[30-Jun-2018 11:45:48 UTC] PHP Fatal error:  Uncaught Error: Call to undefined function get_them_file_path() in /app/public/wp-content/themes/fictional-university-theme/functions.php:3
Stack trace:
#0 /app/public/wp-settings.php(426): include()
#1 /app/public/wp-config.php(86): require_once('/app/public/wp-...')
#2 /app/public/wp-load.php(37): require_once('/app/public/wp-...')
#3 /app/public/wp-admin/admin-ajax.php(22): require_once('/app/public/wp-...')
#4 {main}
  thrown in /app/public/wp-content/themes/fictional-university-theme/functions.php on line 3
[30-Jun-2018 11:47:48 UTC] PHP Fatal error:  Uncaught Error: Call to undefined function get_them_file_path() in /app/public/wp-content/themes/fictional-university-theme/functions.php:3
Stack trace:
#0 /app/public/wp-settings.php(426): include()
#1 /app/public/wp-config.php(86): require_once('/app/public/wp-...')
#2 /app/public/wp-load.php(37): require_once('/app/public/wp-...')
#3 /app/public/wp-admin/admin-ajax.php(22): require_once('/app/public/wp-...')
#4 {main}
  thrown in /app/public/wp-content/themes/fictional-university-theme/functions.php on line 3
[30-Jun-2018 11:49:48 UTC] PHP Fatal error:  Uncaught Error: Call to undefined function get_them_file_path() in /app/public/wp-content/themes/fictional-university-theme/functions.php:3
Stack trace:
#0 /app/public/wp-settings.php(426): include()
#1 /app/public/wp-config.php(86): require_once('/app/public/wp-...')
#2 /app/public/wp-load.php(37): require_once('/app/public/wp-...')
#3 /app/public/wp-admin/admin-ajax.php(22): require_once('/app/public/wp-...')
#4 {main}
  thrown in /app/public/wp-content/themes/fictional-university-theme/functions.php on line 3
[30-Jun-2018 11:50:45 UTC] PHP Fatal error:  Uncaught Error: Call to undefined function get_them_file_path() in /app/public/wp-content/themes/fictional-university-theme/functions.php:3
Stack trace:
#0 /app/public/wp-settings.php(426): include()
#1 /app/public/wp-config.php(86): require_once('/app/public/wp-...')
#2 /app/public/wp-load.php(37): require_once('/app/public/wp-...')
#3 /app/public/wp-admin/admin-ajax.php(22): require_once('/app/public/wp-...')
#4 {main}
  thrown in /app/public/wp-content/themes/fictional-university-theme/functions.php on line 3
[30-Jun-2018 11:50:58 UTC] PHP Fatal error:  Uncaught Error: Call to undefined function get_them_file_path() in /app/public/wp-content/themes/fictional-university-theme/functions.php:3
Stack trace:
#0 /app/public/wp-settings.php(426): include()
#1 /app/public/wp-config.php(86): require_once('/app/public/wp-...')
#2 /app/public/wp-load.php(37): require_once('/app/public/wp-...')
#3 /app/public/wp-blog-header.php(13): require_once('/app/public/wp-...')
#4 /app/public/index.php(17): require('/app/public/wp-...')
#5 {main}
  thrown in /app/public/wp-content/themes/fictional-university-theme/functions.php on line 3
[30-Jun-2018 11:51:00 UTC] PHP Fatal error:  Uncaught Error: Call to undefined function get_them_file_path() in /app/public/wp-content/themes/fictional-university-theme/functions.php:3
Stack trace:
#0 /app/public/wp-settings.php(426): include()
#1 /app/public/wp-config.php(86): require_once('/app/public/wp-...')
#2 /app/public/wp-load.php(37): require_once('/app/public/wp-...')
#3 /app/public/wp-admin/admin-ajax.php(22): require_once('/app/public/wp-...')
#4 {main}
  thrown in /app/public/wp-content/themes/fictional-university-theme/functions.php on line 3
[02-Jul-2018 09:00:36 UTC] PHP Parse error:  syntax error, unexpected 'return' (T_RETURN) in /app/public/wp-content/themes/fictional-university-theme/inc/search-route.php on line 90
[02-Jul-2018 09:13:16 UTC] PHP Warning:  log() expects parameter 1 to be float, string given in /app/public/wp-content/themes/fictional-university-theme/inc/search-route.php on line 102
[02-Jul-2018 09:13:33 UTC] PHP Warning:  log() expects parameter 1 to be float, string given in /app/public/wp-content/themes/fictional-university-theme/inc/search-route.php on line 102
[02-Jul-2018 09:28:04 UTC] PHP Parse error:  syntax error, unexpected 'return' (T_RETURN) in /app/public/wp-content/themes/fictional-university-theme/inc/search-route.php on line 107
[02-Jul-2018 09:28:56 UTC] PHP Warning:  log() expects parameter 1 to be float, string given in /app/public/wp-content/themes/fictional-university-theme/inc/search-route.php on line 90
[02-Jul-2018 09:28:57 UTC] PHP Warning:  log() expects parameter 1 to be float, string given in /app/public/wp-content/themes/fictional-university-theme/inc/search-route.php on line 90
[02-Jul-2018 09:29:12 UTC] PHP Warning:  log() expects parameter 1 to be float, string given in /app/public/wp-content/themes/fictional-university-theme/inc/search-route.php on line 93
[02-Jul-2018 09:29:12 UTC] PHP Warning:  log() expects parameter 1 to be float, string given in /app/public/wp-content/themes/fictional-university-theme/inc/search-route.php on line 93
[02-Jul-2018 09:29:12 UTC] PHP Warning:  log() expects parameter 1 to be float, string given in /app/public/wp-content/themes/fictional-university-theme/inc/search-route.php on line 93
[03-Jul-2018 03:36:45 UTC] PHP Parse error:  syntax error, unexpected ';', expecting ')' in /app/public/wp-content/themes/fictional-university-theme/inc/search-route.php on line 93
[03-Jul-2018 03:37:14 UTC] PHP Recoverable fatal error:  Object of class WP_Query could not be converted to string in /app/public/wp-content/themes/fictional-university-theme/inc/search-route.php on line 93
[03-Jul-2018 03:37:19 UTC] PHP Warning:  count() expects at least 1 parameter, 0 given in /app/public/wp-content/themes/fictional-university-theme/inc/search-route.php on line 93
[03-Jul-2018 03:37:19 UTC] PHP Recoverable fatal error:  Object of class WP_Query could not be converted to string in /app/public/wp-content/themes/fictional-university-theme/inc/search-route.php on line 93
[03-Jul-2018 06:19:43 UTC] PHP Parse error:  syntax error, unexpected '}', expecting ',' or ';' in /app/public/wp-content/themes/fictional-university-theme/search.php on line 18
[03-Jul-2018 09:50:24 UTC] PHP Parse error:  syntax error, unexpected '}' in /app/public/wp-content/themes/fictional-university-theme/functions.php on line 117
[04-Jul-2018 09:43:53 UTC] PHP Fatal error:  Uncaught Error: Call to undefined function esc_attri() in /app/public/wp-content/themes/fictional-university-theme/page-my-notes.php:39
Stack trace:
#0 /app/public/wp-includes/template-loader.php(74): include()
#1 /app/public/wp-blog-header.php(19): require_once('/app/public/wp-...')
#2 /app/public/index.php(17): require('/app/public/wp-...')
#3 {main}
  thrown in /app/public/wp-content/themes/fictional-university-theme/page-my-notes.php on line 39
[05-Jul-2018 11:00:35 UTC] PHP Fatal error:  Uncaught ArgumentCountError: Too few arguments to function add_filter(), 1 passed in /app/public/wp-content/themes/fictional-university-theme/functions.php on line 156 and at least 2 expected in /app/public/wp-includes/plugin.php:106
Stack trace:
#0 /app/public/wp-content/themes/fictional-university-theme/functions.php(156): add_filter('wp_insert_post_...')
#1 /app/public/wp-settings.php(426): include('/app/public/wp-...')
#2 /app/public/wp-config.php(86): require_once('/app/public/wp-...')
#3 /app/public/wp-load.php(37): require_once('/app/public/wp-...')
#4 /app/public/wp-admin/admin-ajax.php(22): require_once('/app/public/wp-...')
#5 {main}
  thrown in /app/public/wp-includes/plugin.php on line 106
[05-Jul-2018 13:38:01 UTC] PHP Parse error:  syntax error, unexpected ')' in /app/public/wp-content/themes/fictional-university-theme/functions.php on line 164
