[23-May-2018 20:04:06] NOTICE: fpm is running, pid 14
[23-May-2018 20:04:06] NOTICE: ready to handle connections
[14-Jun-2018 18:33:45] NOTICE: fpm is running, pid 8
[14-Jun-2018 18:33:45] NOTICE: ready to handle connections
[14-Jun-2018 19:46:51] NOTICE: Terminating ...
[14-Jun-2018 19:46:51] NOTICE: exiting, bye-bye!
[18-Jun-2018 14:10:55] NOTICE: fpm is running, pid 26
[18-Jun-2018 14:10:55] NOTICE: ready to handle connections
[18-Jun-2018 14:11:07] NOTICE: Terminating ...
[18-Jun-2018 14:11:07] NOTICE: exiting, bye-bye!
[18-Jun-2018 14:11:31] NOTICE: fpm is running, pid 25
[18-Jun-2018 14:11:31] NOTICE: ready to handle connections
[19-Jun-2018 04:09:26] NOTICE: Terminating ...
[19-Jun-2018 04:09:26] NOTICE: exiting, bye-bye!
[19-Jun-2018 11:56:33] NOTICE: fpm is running, pid 25
[19-Jun-2018 11:56:33] NOTICE: ready to handle connections
[20-Jun-2018 17:03:22] NOTICE: Terminating ...
[20-Jun-2018 17:03:22] NOTICE: exiting, bye-bye!
[20-Jun-2018 17:04:43] NOTICE: fpm is running, pid 25
[20-Jun-2018 17:04:43] NOTICE: ready to handle connections
